
> dscs-website@1.0.0 build
> next build

  ▲ Next.js 14.2.35
  - Environments: .env.local

   Creating an optimized production build ...
 ✓ Compiled successfully
   Linting and checking validity of types ...
   Collecting page data ...
   Generating static pages (0/8) ...
   Generating static pages (2/8) 
Error: Event handlers cannot be passed to Client Component props.
  {onClick: function onClick, className: ..., children: ...}
            ^^^^^^^^^^^^^^^^
If you need interactivity, consider converting part of this to a Client Component.
    at e_ (D:\VsCode Projetos\site_dscs\node_modules\next\dist\compiled\next-server\app-page.runtime.prod.js:12:140589)
    at Object.toJSON (D:\VsCode Projetos\site_dscs\node_modules\next\dist\compiled\next-server\app-page.runtime.prod.js:12:135777)
    at stringify (<anonymous>)
    at eE (D:\VsCode Projetos\site_dscs\node_modules\next\dist\compiled\next-server\app-page.runtime.prod.js:12:142242)
    at eT (D:\VsCode Projetos\site_dscs\node_modules\next\dist\compiled\next-server\app-page.runtime.prod.js:12:142721)
    at AsyncLocalStorage.run (node:internal/async_local_storage/async_context_frame:63:14)
    at Timeout._onTimeout (D:\VsCode Projetos\site_dscs\node_modules\next\dist\compiled\next-server\app-page.runtime.prod.js:12:150805)
    at listOnTimeout (node:internal/timers:605:17)
    at process.processTimers (node:internal/timers:541:7) {
  digest: '3019349374'
}
Error: Event handlers cannot be passed to Client Component props.
  {onClick: function onClick, className: ..., children: ...}
            ^^^^^^^^^^^^^^^^
If you need interactivity, consider converting part of this to a Client Component.
    at e_ (D:\VsCode Projetos\site_dscs\node_modules\next\dist\compiled\next-server\app-page.runtime.prod.js:12:140589)
    at Object.toJSON (D:\VsCode Projetos\site_dscs\node_modules\next\dist\compiled\next-server\app-page.runtime.prod.js:12:135777)
    at stringify (<anonymous>)
    at eE (D:\VsCode Projetos\site_dscs\node_modules\next\dist\compiled\next-server\app-page.runtime.prod.js:12:142242)
    at eT (D:\VsCode Projetos\site_dscs\node_modules\next\dist\compiled\next-server\app-page.runtime.prod.js:12:142721)
    at Timeout._onTimeout (D:\VsCode Projetos\site_dscs\node_modules\next\dist\compiled\next-server\app-page.runtime.prod.js:12:135497)
    at listOnTimeout (node:internal/timers:605:17)
    at process.processTimers (node:internal/timers:541:7) {
  digest: '1972283898'
}
Error: Event handlers cannot be passed to Client Component props.
  {onClick: function onClick, className: ..., children: ...}
            ^^^^^^^^^^^^^^^^
If you need interactivity, consider converting part of this to a Client Component.
    at e_ (D:\VsCode Projetos\site_dscs\node_modules\next\dist\compiled\next-server\app-page.runtime.prod.js:12:140589)
    at Object.toJSON (D:\VsCode Projetos\site_dscs\node_modules\next\dist\compiled\next-server\app-page.runtime.prod.js:12:135777)
    at stringify (<anonymous>)
    at eE (D:\VsCode Projetos\site_dscs\node_modules\next\dist\compiled\next-server\app-page.runtime.prod.js:12:142242)
    at eT (D:\VsCode Projetos\site_dscs\node_modules\next\dist\compiled\next-server\app-page.runtime.prod.js:12:142721)
    at Timeout._onTimeout (D:\VsCode Projetos\site_dscs\node_modules\next\dist\compiled\next-server\app-page.runtime.prod.js:12:135497)
    at listOnTimeout (node:internal/timers:605:17)
    at process.processTimers (node:internal/timers:541:7) {
  digest: '1972283898'
}
   Generating static pages (4/8) 
   Generating static pages (6/8) 
 ⚠ Sending SIGTERM signal to Next.js build worker due to timeout of 60 seconds. Subsequent errors may be a result of the worker exiting.
 ⚠ Restarted static page generation for /orcamento because it took more than 60 seconds
 ⚠ See more info here https://nextjs.org/docs/messages/static-page-generation-timeout
Error: Event handlers cannot be passed to Client Component props.
  {onClick: function onClick, className: ..., children: ...}
            ^^^^^^^^^^^^^^^^
If you need interactivity, consider converting part of this to a Client Component.
    at e_ (D:\VsCode Projetos\site_dscs\node_modules\next\dist\compiled\next-server\app-page.runtime.prod.js:12:140589)
    at Object.toJSON (D:\VsCode Projetos\site_dscs\node_modules\next\dist\compiled\next-server\app-page.runtime.prod.js:12:135777)
    at stringify (<anonymous>)
    at eE (D:\VsCode Projetos\site_dscs\node_modules\next\dist\compiled\next-server\app-page.runtime.prod.js:12:142242)
    at eT (D:\VsCode Projetos\site_dscs\node_modules\next\dist\compiled\next-server\app-page.runtime.prod.js:12:142721)
    at AsyncLocalStorage.run (node:internal/async_local_storage/async_context_frame:63:14)
    at Timeout._onTimeout (D:\VsCode Projetos\site_dscs\node_modules\next\dist\compiled\next-server\app-page.runtime.prod.js:12:150805)
    at listOnTimeout (node:internal/timers:605:17)
    at process.processTimers (node:internal/timers:541:7) {
  digest: '3019349374'
}
Error: Event handlers cannot be passed to Client Component props.
  {onClick: function onClick, className: ..., children: ...}
            ^^^^^^^^^^^^^^^^
If you need interactivity, consider converting part of this to a Client Component.
    at e_ (D:\VsCode Projetos\site_dscs\node_modules\next\dist\compiled\next-server\app-page.runtime.prod.js:12:140589)
    at Object.toJSON (D:\VsCode Projetos\site_dscs\node_modules\next\dist\compiled\next-server\app-page.runtime.prod.js:12:135777)
    at stringify (<anonymous>)
    at eE (D:\VsCode Projetos\site_dscs\node_modules\next\dist\compiled\next-server\app-page.runtime.prod.js:12:142242)
    at eT (D:\VsCode Projetos\site_dscs\node_modules\next\dist\compiled\next-server\app-page.runtime.prod.js:12:142721)
    at Timeout._onTimeout (D:\VsCode Projetos\site_dscs\node_modules\next\dist\compiled\next-server\app-page.runtime.prod.js:12:135497)
    at listOnTimeout (node:internal/timers:605:17)
    at process.processTimers (node:internal/timers:541:7) {
  digest: '1972283898'
}
Error: Event handlers cannot be passed to Client Component props.
  {onClick: function onClick, className: ..., children: ...}
            ^^^^^^^^^^^^^^^^
If you need interactivity, consider converting part of this to a Client Component.
    at e_ (D:\VsCode Projetos\site_dscs\node_modules\next\dist\compiled\next-server\app-page.runtime.prod.js:12:140589)
    at Object.toJSON (D:\VsCode Projetos\site_dscs\node_modules\next\dist\compiled\next-server\app-page.runtime.prod.js:12:135777)
    at stringify (<anonymous>)
    at eE (D:\VsCode Projetos\site_dscs\node_modules\next\dist\compiled\next-server\app-page.runtime.prod.js:12:142242)
    at eT (D:\VsCode Projetos\site_dscs\node_modules\next\dist\compiled\next-server\app-page.runtime.prod.js:12:142721)
    at Timeout._onTimeout (D:\VsCode Projetos\site_dscs\node_modules\next\dist\compiled\next-server\app-page.runtime.prod.js:12:135497)
    at listOnTimeout (node:internal/timers:605:17)
    at process.processTimers (node:internal/timers:541:7) {
  digest: '1972283898'
}
 ⚠ Sending SIGTERM signal to Next.js build worker due to timeout of 60 seconds. Subsequent errors may be a result of the worker exiting.
 ⚠ Restarted static page generation for /orcamento because it took more than 60 seconds
Error: Event handlers cannot be passed to Client Component props.
  {onClick: function onClick, className: ..., children: ...}
            ^^^^^^^^^^^^^^^^
If you need interactivity, consider converting part of this to a Client Component.
    at e_ (D:\VsCode Projetos\site_dscs\node_modules\next\dist\compiled\next-server\app-page.runtime.prod.js:12:140589)
    at Object.toJSON (D:\VsCode Projetos\site_dscs\node_modules\next\dist\compiled\next-server\app-page.runtime.prod.js:12:135777)
    at stringify (<anonymous>)
    at eE (D:\VsCode Projetos\site_dscs\node_modules\next\dist\compiled\next-server\app-page.runtime.prod.js:12:142242)
    at eT (D:\VsCode Projetos\site_dscs\node_modules\next\dist\compiled\next-server\app-page.runtime.prod.js:12:142721)
    at AsyncLocalStorage.run (node:internal/async_local_storage/async_context_frame:63:14)
    at Timeout._onTimeout (D:\VsCode Projetos\site_dscs\node_modules\next\dist\compiled\next-server\app-page.runtime.prod.js:12:150805)
    at listOnTimeout (node:internal/timers:605:17)
    at process.processTimers (node:internal/timers:541:7) {
  digest: '3019349374'
}
Error: Event handlers cannot be passed to Client Component props.
  {onClick: function onClick, className: ..., children: ...}
            ^^^^^^^^^^^^^^^^
If you need interactivity, consider converting part of this to a Client Component.
    at e_ (D:\VsCode Projetos\site_dscs\node_modules\next\dist\compiled\next-server\app-page.runtime.prod.js:12:140589)
    at Object.toJSON (D:\VsCode Projetos\site_dscs\node_modules\next\dist\compiled\next-server\app-page.runtime.prod.js:12:135777)
    at stringify (<anonymous>)
    at eE (D:\VsCode Projetos\site_dscs\node_modules\next\dist\compiled\next-server\app-page.runtime.prod.js:12:142242)
    at eT (D:\VsCode Projetos\site_dscs\node_modules\next\dist\compiled\next-server\app-page.runtime.prod.js:12:142721)
    at Timeout._onTimeout (D:\VsCode Projetos\site_dscs\node_modules\next\dist\compiled\next-server\app-page.runtime.prod.js:12:135497)
    at listOnTimeout (node:internal/timers:605:17)
    at process.processTimers (node:internal/timers:541:7) {
  digest: '1972283898'
}
Error: Event handlers cannot be passed to Client Component props.
  {onClick: function onClick, className: ..., children: ...}
            ^^^^^^^^^^^^^^^^
If you need interactivity, consider converting part of this to a Client Component.
    at e_ (D:\VsCode Projetos\site_dscs\node_modules\next\dist\compiled\next-server\app-page.runtime.prod.js:12:140589)
    at Object.toJSON (D:\VsCode Projetos\site_dscs\node_modules\next\dist\compiled\next-server\app-page.runtime.prod.js:12:135777)
    at stringify (<anonymous>)
    at eE (D:\VsCode Projetos\site_dscs\node_modules\next\dist\compiled\next-server\app-page.runtime.prod.js:12:142242)
    at eT (D:\VsCode Projetos\site_dscs\node_modules\next\dist\compiled\next-server\app-page.runtime.prod.js:12:142721)
    at Timeout._onTimeout (D:\VsCode Projetos\site_dscs\node_modules\next\dist\compiled\next-server\app-page.runtime.prod.js:12:135497)
    at listOnTimeout (node:internal/timers:605:17)
    at process.processTimers (node:internal/timers:541:7) {
  digest: '1972283898'
}
 ⚠ Sending SIGTERM signal to Next.js build worker due to timeout of 60 seconds. Subsequent errors may be a result of the worker exiting.

> Build error occurred
Error: Static page generation for /orcamento is still timing out after 3 attempts. See more info here https://nextjs.org/docs/messages/static-page-generation-timeout
    at onRestart (D:\VsCode Projetos\site_dscs\node_modules\next\dist\build\index.js:292:27)
    at D:\VsCode Projetos\site_dscs\node_modules\next\dist\lib\worker.js:104:40
    at process.processTicksAndRejections (node:internal/process/task_queues:104:5)
    at async D:\VsCode Projetos\site_dscs\node_modules\next\dist\export\index.js:450:20
    at async Span.traceAsyncFn (D:\VsCode Projetos\site_dscs\node_modules\next\dist\trace\trace.js:154:20)
    at async D:\VsCode Projetos\site_dscs\node_modules\next\dist\export\index.js:448:24
    at async Promise.all (index 6)
    at async exportAppImpl (D:\VsCode Projetos\site_dscs\node_modules\next\dist\export\index.js:440:21)
    at async D:\VsCode Projetos\site_dscs\node_modules\next\dist\export\index.js:623:16
    at async Span.traceAsyncFn (D:\VsCode Projetos\site_dscs\node_modules\next\dist\trace\trace.js:154:20)
